{
  "RSpec": {
    "coverage": {
      "/Users/maiara/Desktop/bookmark_manager/spec/bookmarks_spec.rb": {
        "lines": [
          1,
          1,
          null,
          1,
          1,
          1,
          1,
          null,
          null,
          1,
          1,
          1,
          null,
          1,
          null,
          1,
          1,
          1,
          1,
          1,
          null,
          null,
          null,
          1,
          1,
          1,
          1,
          null,
          null,
          1,
          1,
          1,
          1,
          null,
          null,
          null,
          null,
          null,
          null,
          null,
          null,
          null,
          null,
          null,
          null,
          null,
          null,
          null,
          null,
          null
        ]
      },
      "/Users/maiara/Desktop/bookmark_manager/spec/database_helpers.rb": {
        "lines": [
          null,
          1,
          1,
          1,
          1,
          null
        ]
      },
      "/Users/maiara/Desktop/bookmark_manager/spec/features/creating_bookmarks_spec.rb": {
        "lines": [
          null,
          1,
          1,
          1,
          1,
          1,
          1,
          null,
          1,
          null,
          null
        ]
      },
      "/Users/maiara/Desktop/bookmark_manager/spec/features/view_bookmarks_spec.rb": {
        "lines": [
          1,
          null,
          1,
          1,
          null,
          1,
          1,
          1,
          null,
          null,
          1,
          null,
          1,
          1,
          1,
          null,
          null
        ]
      }
    },
    "timestamp": 1603392116
  }
}
